[LOG] System::create                           : Header version = 2.01.11. Current version = 2.01.11.
[LOG] Manager::init                            : maxchannels = 256 studioflags = 00000006 flags 00000000 extradriverdata 0000000000000000.
[LOG] SystemI::init                            : Initialize version=20111 (118066), maxchannels=256, flags=0x00020000
[LOG] SystemI::setOutputInternal               : Setting output to 'FMOD WASAPI Output'
[LOG] OutputWASAPI::init                       : Mix Format (WAVEFORMATEX): wFormatTag=0xFFFE, nChannels=2, nSamplesPerSec=48000, nAvgBytesPerSec=384000, nBlockAlign=8, wBitsPerSample=32, cbSize=22.
[LOG] OutputWASAPI::init                       : Mix Format (WAVEFORMATEXTENSIBLE): wValidBitsPerSample=32, dwChannelMask=0x00000003, SubFormat=00000003-0000-0010-8000-00AA00389B71.
[LOG] OutputWASAPI::init                       : Output buffer size: 4096 samples, latency: 0.00ms, period: 10.00ms, DSP buffer: 1024 * 4
[LOG] Thread::initThread                       : Init FMOD stream thread. Affinity: 0x8000000000000003, Priority: 0xFFFF7FFB, Stack Size: 98304, Semaphore: No, Sleep Time: 10, Looping: Yes.
[LOG] Thread::initThread                       : Init FMOD mixer thread. Affinity: 0x8000000000000001, Priority: 0xFFFF7FFA, Stack Size: 81920, Semaphore: No, Sleep Time: 0, Looping: Yes.
[LOG] AsyncManager::init                       : manager 000002BD65A3D038 isAsync 0 updatePeriod 0.02
[LOG] AsyncManager::init                       : done
[LOG] PlaybackSystem::init                     : 
[LOG] Thread::initThread                       : Init FMOD Studio sample load thread. Affinity: 0x8000000000000003, Priority: 0xFFFF7FFD, Stack Size: 98304, Semaphore: No, Sleep Time: 1, Looping: No.
[LOG] PlaybackSystem::init                     : done
[LOG] Thread::initThread                       : Init FMOD Studio bank load thread. Affinity: 0x8000000000000003, Priority: 0xFFFF7FFD, Stack Size: 98304, Semaphore: No, Sleep Time: 1, Looping: No.
[LOG] Manager::init                            : done.
[LOG] Manager::readBank                        : fileversion = 135, compatVersion = 132 (oldest = 44, newest = 135)
[LOG] Manager::readBank                        : fileversion = 135, compatVersion = 132 (oldest = 44, newest = 135)
[LOG] Manager::readBank                        : fileversion = 135, compatVersion = 132 (oldest = 44, newest = 135)
[LOG] PlaybackSystem::acquireMasterBus         : Setting master channel group format to 6
[LOG] SystemI::createSound                     : filename = Assets/FMODbanks/Desktop/Master.bank : mode 02010082
[LOG] SystemI::createSound                     : FMOD_NONBLOCKING specified.  Putting into queue to be opened asynchronously!
[LOG] SystemI::createSound                     : setdata soundi = 000002BD4229F1C8 : node = 000002BCA0B19460
[LOG] SystemI::createSound                     : add node to async list : head = 000002BCCAF073C8.  list count = 0
[LOG] AsyncThread::threadFunc                  : Starting Asynchronous operation on sound 000002BD4229F1C8
[LOG] SystemI::createSoundInternal             :     Create name='Assets/FMODbanks/Desktop/Master.bank', mode=0x02010082
[LOG] SystemI::createSoundInternal             :     exinfo->cbsize             = 224
[LOG] SystemI::createSoundInternal             :     exinfo->length             = 21842080
[LOG] SystemI::createSoundInternal             :     exinfo->fileoffset         = 14976
[LOG] SystemI::createSoundInternal             :     exinfo->numsubsounds       = 1
[LOG] SystemI::createSoundInternal             :     exinfo->inclusionlist      = 000002BCA0B19570
[LOG] SystemI::createSoundInternal             :     exinfo->inclusionlistnum   = 1
[LOG] SystemI::createSoundInternal             :     exinfo->suggestedsoundtype = 5
[LOG] SystemI::createSoundInternal             :     exinfo->initialseekpostype = 1
[LOG] SystemI::createSoundInternal             :     Stream 0/1: name='purrple-cat-flourish', format=5, channels=2, frequency=48000, lengthbytes=2051520, lengthpcm=7539565, pcmblocksize=0, loopstart=0, loopend=0, mode=0x00000000, channelmask=0x00000000, channelorder=0, peakvolume=0.974579.
[LOG] AsyncThread::threadFunc                  : Finished Asynchronous operation on sound 000002BD4229F1C8
[LOG] SoundI::release                          : Morning-Routine-Lofi-Study-Music (000002BD4229DBD8)
[LOG] SoundI::release                          :     Morning-Routine-Lofi-Study-Music (000002BCA21397B8)
[LOG] SoundI::release                          :     Morning-Routine-Lofi-Study-Music (000002BD4229E7A8)
[LOG] AsyncThread::threadFunc                  : Starting Asynchronous operation on sound 000002BD4229B6B8
[LOG] AsyncThread::threadFunc                  : Finished Asynchronous operation on sound 000002BD4229B6B8
[LOG] SystemI::createSound                     : filename = Assets/FMODbanks/Desktop/Master.bank : mode 02010082
[LOG] SystemI::createSound                     : FMOD_NONBLOCKING specified.  Putting into queue to be opened asynchronously!
[LOG] SystemI::createSound                     : setdata soundi = 000002BD4229F018 : node = 000002BCA0B14AA0
[LOG] SystemI::createSound                     : add node to async list : head = 000002BCCAF073C8.  list count = 0
[LOG] AsyncThread::threadFunc                  : Starting Asynchronous operation on sound 000002BD4229F018
[LOG] SystemI::createSoundInternal             :     Create name='Assets/FMODbanks/Desktop/Master.bank', mode=0x02010082
[LOG] SystemI::createSoundInternal             :     exinfo->cbsize             = 224
[LOG] SystemI::createSoundInternal             :     exinfo->length             = 21842080
[LOG] SystemI::createSoundInternal             :     exinfo->fileoffset         = 14976
[LOG] SystemI::createSoundInternal             :     exinfo->numsubsounds       = 1
[LOG] SystemI::createSoundInternal             :     exinfo->inclusionlist      = 000002BCA0B14BB0
[LOG] SystemI::createSoundInternal             :     exinfo->inclusionlistnum   = 1
[LOG] SystemI::createSoundInternal             :     exinfo->suggestedsoundtype = 5
[LOG] SystemI::createSoundInternal             :     exinfo->initialseekpostype = 1
[LOG] SystemI::createSoundInternal             :     Stream 0/1: name='purrple-cat-equinox', format=5, channels=2, frequency=48000, lengthbytes=1795904, lengthpcm=6700721, pcmblocksize=0, loopstart=0, loopend=0, mode=0x00000000, channelmask=0x00000000, channelorder=0, peakvolume=0.967468.
[LOG] AsyncThread::threadFunc                  : Finished Asynchronous operation on sound 000002BD4229F018
[LOG] SoundI::release                          : purrple-cat-flourish (000002BD4229F1C8)
[LOG] SoundI::release                          :     purrple-cat-flourish (000002BCCA7E8EE8)
[LOG] SoundI::release                          :     purrple-cat-flourish (000002BD4229B6B8)
[LOG] SystemI::createSound                     : filename = Assets/FMODbanks/Desktop/Master.bank : mode 02010082
[LOG] SystemI::createSound                     : FMOD_NONBLOCKING specified.  Putting into queue to be opened asynchronously!
[LOG] SystemI::createSound                     : setdata soundi = 000002BD42299F18 : node = 000002BCA0B19460
[LOG] SystemI::createSound                     : add node to async list : head = 000002BCCAF073C8.  list count = 0
[LOG] AsyncThread::threadFunc                  : Starting Asynchronous operation on sound 000002BD42299F18
[LOG] SystemI::createSoundInternal             :     Create name='Assets/FMODbanks/Desktop/Master.bank', mode=0x02010082
[LOG] SystemI::createSoundInternal             :     exinfo->cbsize             = 224
[LOG] SystemI::createSoundInternal             :     exinfo->length             = 21842080
[LOG] SystemI::createSoundInternal             :     exinfo->fileoffset         = 14976
[LOG] SystemI::createSoundInternal             :     exinfo->numsubsounds       = 1
[LOG] SystemI::createSoundInternal             :     exinfo->inclusionlist      = 000002BCA0B19570
[LOG] SystemI::createSoundInternal             :     exinfo->inclusionlistnum   = 1
[LOG] SystemI::createSoundInternal             :     exinfo->suggestedsoundtype = 5
[LOG] SystemI::createSoundInternal             :     exinfo->initialseekpostype = 1
[LOG] SystemI::createSoundInternal             :     Stream 0/1: name='barradeen-bedtime-after-a-coffee', format=5, channels=2, frequency=48000, lengthbytes=1193152, lengthpcm=4354716, pcmblocksize=0, loopstart=0, loopend=0, mode=0x00000000, channelmask=0x00000000, channelorder=0, peakvolume=0.711060.
[LOG] AsyncThread::threadFunc                  : Finished Asynchronous operation on sound 000002BD42299F18
[LOG] SoundI::release                          : purrple-cat-equinox (000002BD4229F018)
[LOG] SoundI::release                          :     purrple-cat-equinox (000002BCCA7E5AE8)
[LOG] SoundI::release                          :     purrple-cat-equinox (000002BD4229BF28)
[LOG] SoundI::release                          : RainSFX (000002BD422996A8)
[LOG] SoundI::release                          :     RainSFX (000002BCA2136218)
[LOG] SoundI::release                          :     RainSFX (000002BD42299858)
[LOG] SoundI::release                          : barradeen-bedtime-after-a-coffee (000002BD42299F18)
[LOG] SoundI::release                          :     barradeen-bedtime-after-a-coffee (000002BCCA7E9BE8)
[LOG] SoundI::release                          :     barradeen-bedtime-after-a-coffee (000002BD4229B6B8)
[LOG] Thread::callback                         : FMOD Studio update thread finished.
[LOG] Thread::callback                         : FMOD Studio bank load thread finished.
[LOG] Profile::disconnectAll                   : Profiler disconnecting all clients
[LOG] Thread::callback                         : FMOD Studio sample load thread finished.
[LOG] LiveUpdate::release                      : 
[LOG] LiveUpdate::reset                        : Reset connection (reason Disconnected)
[LOG] Thread::callback                         : FMOD stream thread finished.
[LOG] Thread::callback                         : FMOD mixer thread finished.
[LOG] Profile::disconnectAll                   : Profiler disconnecting all clients
[LOG] SystemI::close                           : Closed.
